<?xml version="1.0" encoding="UTF-8"?>
<!-- Generated by org.testng.reporters.JUnitXMLReporter -->
<testsuite ignored="0" hostname="LAPTOP-NCNC6016" failures="0" tests="4" name="Default test" time="79.352" errors="0" timestamp="2026-04-27T22:16:37 IST">
  <testcase classname="day42.OrangeHRMTest" name="openapp" time="74.008"/>
  <testcase classname="day42.OrangeHRMTest" name="testLogo" time="4.123"/>
  <testcase classname="day42.OrangeHRMTest" name="login" time="0.65"/>
  <testcase classname="day42.OrangeHRMTest" name="closeApp" time="0.454"/>
</testsuite> <!-- Default test -->
