<?xml version="1.0" encoding="UTF-8"?>
<!-- Generated by org.testng.reporters.JUnitXMLReporter -->
<testsuite ignored="0" hostname="LAPTOP-NCNC6016" failures="0" tests="3" name="Default test" time="25.265" errors="0" timestamp="2026-04-28T17:53:26 IST">
  <testcase classname="day46.OrangeHRMTest" name="testlogo" time="0.082"/>
  <testcase classname="day46.OrangeHRMTest" name="testTitle" time="0.016"/>
  <testcase classname="day46.OrangeHRMTest" name="testUrl" time="0.014"/>
</testsuite> <!-- Default test -->
