<?xml version="1.0" encoding="UTF-8"?>
<testng-results ignored="0" total="7" passed="7" failed="0" skipped="0">
  <reporter-output>
  </reporter-output>
  <suite started-at="2026-04-27T22:50:29 IST" name="Suite" finished-at="2026-04-27T22:52:24 IST" duration-ms="115722">
    <groups>
    </groups>
    <test started-at="2026-04-27T22:50:29 IST" name="Test" finished-at="2026-04-27T22:52:24 IST" duration-ms="115722">
      <class name="day42.FirstTestCase">
        <test-method signature="openapp()[pri:1, instance:day42.FirstTestCase@62379589]" started-at="2026-04-27T22:52:24 IST" name="openapp" finished-at="2026-04-27T22:52:24 IST" duration-ms="4" status="PASS">
          <reporter-output>
          </reporter-output>
        </test-method> <!-- openapp -->
        <test-method signature="login()[pri:2, instance:day42.FirstTestCase@62379589]" started-at="2026-04-27T22:52:24 IST" name="login" finished-at="2026-04-27T22:52:24 IST" duration-ms="2" status="PASS">
          <reporter-output>
          </reporter-output>
        </test-method> <!-- login -->
        <test-method signature="logout()[pri:3, instance:day42.FirstTestCase@62379589]" started-at="2026-04-27T22:52:24 IST" name="logout" finished-at="2026-04-27T22:52:24 IST" duration-ms="2" status="PASS">
          <reporter-output>
          </reporter-output>
        </test-method> <!-- logout -->
      </class> <!-- day42.FirstTestCase -->
      <class name="day42.OrangeHRMTest">
        <test-method signature="openapp()[pri:1, instance:day42.OrangeHRMTest@6b2ea799]" started-at="2026-04-27T22:50:29 IST" name="openapp" finished-at="2026-04-27T22:51:58 IST" duration-ms="89074" status="PASS">
          <reporter-output>
          </reporter-output>
        </test-method> <!-- openapp -->
        <test-method signature="testLogo()[pri:2, instance:day42.OrangeHRMTest@6b2ea799]" started-at="2026-04-27T22:51:58 IST" name="testLogo" finished-at="2026-04-27T22:52:02 IST" duration-ms="4088" status="PASS">
          <reporter-output>
          </reporter-output>
        </test-method> <!-- testLogo -->
        <test-method signature="login()[pri:3, instance:day42.OrangeHRMTest@6b2ea799]" started-at="2026-04-27T22:52:02 IST" name="login" finished-at="2026-04-27T22:52:24 IST" duration-ms="22003" status="PASS">
          <reporter-output>
          </reporter-output>
        </test-method> <!-- login -->
        <test-method signature="closeApp()[pri:4, instance:day42.OrangeHRMTest@6b2ea799]" started-at="2026-04-27T22:52:24 IST" name="closeApp" finished-at="2026-04-27T22:52:24 IST" duration-ms="461" status="PASS">
          <reporter-output>
          </reporter-output>
        </test-method> <!-- closeApp -->
      </class> <!-- day42.OrangeHRMTest -->
    </test> <!-- Test -->
  </suite> <!-- Suite -->
</testng-results>
