<?xml version="1.0" encoding="UTF-8"?>
<testng-results ignored="0" total="8" passed="6" failed="1" skipped="1">
  <reporter-output>
  </reporter-output>
  <suite started-at="2026-04-28T19:37:56 IST" name="Suite" finished-at="2026-04-28T19:38:15 IST" duration-ms="18554">
    <groups>
    </groups>
    <test started-at="2026-04-28T19:37:56 IST" name="Test" finished-at="2026-04-28T19:38:15 IST" duration-ms="18554">
      <class name="day46.DependencyMethods">
        <test-method signature="openapp()[pri:1, instance:day46.DependencyMethods@62ddbd7e]" started-at="2026-04-28T19:38:15 IST" name="openapp" finished-at="2026-04-28T19:38:15 IST" duration-ms="5" status="PASS">
          <reporter-output>
          </reporter-output>
        </test-method> <!-- openapp -->
        <test-method signature="login()[pri:2, instance:day46.DependencyMethods@62ddbd7e]" started-at="2026-04-28T19:38:15 IST" name="login" finished-at="2026-04-28T19:38:15 IST" depends-on-methods="day46.DependencyMethods.openapp" duration-ms="4" status="PASS">
          <reporter-output>
          </reporter-output>
        </test-method> <!-- login -->
        <test-method signature="search()[pri:3, instance:day46.DependencyMethods@62ddbd7e]" started-at="2026-04-28T19:38:15 IST" name="search" finished-at="2026-04-28T19:38:15 IST" depends-on-methods="day46.DependencyMethods.login" duration-ms="25" status="FAIL">
          <exception class="java.lang.AssertionError">
            <message>
              <![CDATA[expected [true] but found [false]]]>
            </message>
            <full-stacktrace>
              <![CDATA[java.lang.AssertionError: expected [true] but found [false]
at org.testng.Assert.fail(Assert.java:111)
at org.testng.Assert.failNotEquals(Assert.java:1590)
at org.testng.Assert.assertTrue(Assert.java:57)
at org.testng.Assert.assertTrue(Assert.java:67)
at day46.DependencyMethods.search(DependencyMethods.java:21)
at java.base/jdk.internal.reflect.NativeMethodAccessorImpl.invoke0(Native Method)
at java.base/jdk.internal.reflect.NativeMethodAccessorImpl.invoke(NativeMethodAccessorImpl.java:77)
at java.base/jdk.internal.reflect.DelegatingMethodAccessorImpl.invoke(DelegatingMethodAccessorImpl.java:43)
at java.base/java.lang.reflect.Method.invoke(Method.java:568)
at org.testng.internal.invokers.MethodInvocationHelper.invokeMethod(MethodInvocationHelper.java:141)
at org.testng.internal.invokers.TestInvoker.invokeMethod(TestInvoker.java:687)
at org.testng.internal.invokers.TestInvoker.invokeTestMethod(TestInvoker.java:230)
at org.testng.internal.invokers.MethodRunner.runInSequence(MethodRunner.java:63)
at org.testng.internal.invokers.TestInvoker$MethodInvocationAgent.invoke(TestInvoker.java:995)
at org.testng.internal.invokers.TestInvoker.invokeTestMethods(TestInvoker.java:203)
at org.testng.internal.invokers.TestMethodWorker.invokeTestMethods(TestMethodWorker.java:154)
at org.testng.internal.invokers.TestMethodWorker.run(TestMethodWorker.java:134)
at java.base/java.util.ArrayList.forEach(ArrayList.java:1511)
at org.testng.TestRunner.privateRun(TestRunner.java:741)
at org.testng.TestRunner.run(TestRunner.java:616)
at org.testng.SuiteRunner.runTest(SuiteRunner.java:421)
at org.testng.SuiteRunner.runSequentially(SuiteRunner.java:413)
at org.testng.SuiteRunner.privateRun(SuiteRunner.java:373)
at org.testng.SuiteRunner.run(SuiteRunner.java:312)
at org.testng.SuiteRunnerWorker.runSuite(SuiteRunnerWorker.java:52)
at org.testng.SuiteRunnerWorker.run(SuiteRunnerWorker.java:95)
at org.testng.TestNG.runSuitesSequentially(TestNG.java:1274)
at org.testng.TestNG.runSuitesLocally(TestNG.java:1208)
at org.testng.TestNG.runSuites(TestNG.java:1112)
at org.testng.TestNG.run(TestNG.java:1079)
at org.testng.remote.AbstractRemoteTestNG.run(AbstractRemoteTestNG.java:115)
at org.testng.remote.RemoteTestNG.initAndRun(RemoteTestNG.java:293)
at org.testng.remote.RemoteTestNG.main(RemoteTestNG.java:91)
]]>
            </full-stacktrace>
          </exception> <!-- java.lang.AssertionError -->
          <reporter-output>
          </reporter-output>
        </test-method> <!-- search -->
        <test-method signature="advSearch()[pri:4, instance:day46.DependencyMethods@62ddbd7e]" started-at="2026-04-28T19:38:15 IST" name="advSearch" finished-at="2026-04-28T19:38:15 IST" depends-on-methods="day46.DependencyMethods.search, day46.DependencyMethods.login" duration-ms="0" status="SKIP">
          <exception class="java.lang.Throwable">
            <message>
              <![CDATA[Method day46.DependencyMethods.advSearch() on instance day46.DependencyMethods@62ddbd7e depends on not successfully finished methods 
[day46.DependencyMethods.search() on instance day46.DependencyMethods@62ddbd7e
day46.DependencyMethods.login() on instance day46.DependencyMethods@62ddbd7e]]]>
            </message>
            <full-stacktrace>
              <![CDATA[java.lang.Throwable: Method day46.DependencyMethods.advSearch() on instance day46.DependencyMethods@62ddbd7e depends on not successfully finished methods 
[day46.DependencyMethods.search() on instance day46.DependencyMethods@62ddbd7e
day46.DependencyMethods.login() on instance day46.DependencyMethods@62ddbd7e]
at org.testng.internal.invokers.TestInvoker.invokeTestMethods(TestInvoker.java:159)
at org.testng.internal.invokers.TestMethodWorker.invokeTestMethods(TestMethodWorker.java:154)
at org.testng.internal.invokers.TestMethodWorker.run(TestMethodWorker.java:134)
at java.base/java.util.ArrayList.forEach(ArrayList.java:1511)
at org.testng.TestRunner.privateRun(TestRunner.java:741)
at org.testng.TestRunner.run(TestRunner.java:616)
at org.testng.SuiteRunner.runTest(SuiteRunner.java:421)
at org.testng.SuiteRunner.runSequentially(SuiteRunner.java:413)
at org.testng.SuiteRunner.privateRun(SuiteRunner.java:373)
at org.testng.SuiteRunner.run(SuiteRunner.java:312)
at org.testng.SuiteRunnerWorker.runSuite(SuiteRunnerWorker.java:52)
at org.testng.SuiteRunnerWorker.run(SuiteRunnerWorker.java:95)
at org.testng.TestNG.runSuitesSequentially(TestNG.java:1274)
at org.testng.TestNG.runSuitesLocally(TestNG.java:1208)
at org.testng.TestNG.runSuites(TestNG.java:1112)
at org.testng.TestNG.run(TestNG.java:1079)
at org.testng.remote.AbstractRemoteTestNG.run(AbstractRemoteTestNG.java:115)
at org.testng.remote.RemoteTestNG.initAndRun(RemoteTestNG.java:293)
at org.testng.remote.RemoteTestNG.main(RemoteTestNG.java:91)
]]>
            </full-stacktrace>
          </exception> <!-- java.lang.Throwable -->
          <reporter-output>
          </reporter-output>
        </test-method> <!-- advSearch -->
        <test-method signature="logout()[pri:5, instance:day46.DependencyMethods@62ddbd7e]" started-at="2026-04-28T19:38:15 IST" name="logout" finished-at="2026-04-28T19:38:15 IST" depends-on-methods="day46.DependencyMethods.login" duration-ms="2" status="PASS">
          <reporter-output>
          </reporter-output>
        </test-method> <!-- logout -->
      </class> <!-- day46.DependencyMethods -->
      <class name="day46.OrangeHRMTest">
        <test-method is-config="true" signature="setup()[pri:0, instance:day46.OrangeHRMTest@6f03482]" started-at="2026-04-28T19:37:56 IST" name="setup" finished-at="2026-04-28T19:38:14 IST" duration-ms="17512" status="PASS">
          <reporter-output>
          </reporter-output>
        </test-method> <!-- setup -->
        <test-method signature="testlogo()[pri:1, instance:day46.OrangeHRMTest@6f03482]" started-at="2026-04-28T19:38:14 IST" name="testlogo" finished-at="2026-04-28T19:38:14 IST" duration-ms="130" status="PASS">
          <reporter-output>
          </reporter-output>
        </test-method> <!-- testlogo -->
        <test-method signature="testTitle()[pri:2, instance:day46.OrangeHRMTest@6f03482]" started-at="2026-04-28T19:38:14 IST" name="testTitle" finished-at="2026-04-28T19:38:14 IST" duration-ms="40" status="PASS">
          <reporter-output>
          </reporter-output>
        </test-method> <!-- testTitle -->
        <test-method signature="testUrl()[pri:3, instance:day46.OrangeHRMTest@6f03482]" started-at="2026-04-28T19:38:14 IST" name="testUrl" finished-at="2026-04-28T19:38:14 IST" duration-ms="26" status="PASS">
          <reporter-output>
          </reporter-output>
        </test-method> <!-- testUrl -->
        <test-method is-config="true" signature="tearDown()[pri:0, instance:day46.OrangeHRMTest@6f03482]" started-at="2026-04-28T19:38:14 IST" name="tearDown" finished-at="2026-04-28T19:38:15 IST" duration-ms="482" status="PASS">
          <reporter-output>
          </reporter-output>
        </test-method> <!-- tearDown -->
      </class> <!-- day46.OrangeHRMTest -->
    </test> <!-- Test -->
  </suite> <!-- Suite -->
</testng-results>
