<?xml version="1.0" encoding="UTF-8"?>
<!-- Generated by org.testng.reporters.JUnitXMLReporter -->
<testsuite ignored="6" hostname="LAPTOP-NCNC6016" failures="0" tests="2" name="groupingtests" time="0.067" errors="0" timestamp="2026-04-23T22:14:40 IST">
  <testcase classname="day44.PaymentByTests" name="paymentinRupees" time="0.01"/>
  <testcase classname="day44.PaymentByTests" name="paymentinDollars" time="0.001"/>
  <testcase classname="day44.LoginTests" name="loginBytwitter" time="0.0">
    <ignored/>
  </testcase> <!-- loginBytwitter -->
  <testcase classname="day44.SignupTests" name="signupByFacebook" time="0.0">
    <ignored/>
  </testcase> <!-- signupByFacebook -->
  <testcase classname="day44.LoginTests" name="loginByFacebook" time="0.0">
    <ignored/>
  </testcase> <!-- loginByFacebook -->
  <testcase classname="day44.SignupTests" name="signupBytwitter" time="0.0">
    <ignored/>
  </testcase> <!-- signupBytwitter -->
  <testcase classname="day44.SignupTests" name="signupbyEmail" time="0.0">
    <ignored/>
  </testcase> <!-- signupbyEmail -->
  <testcase classname="day44.LoginTests" name="loginbyEmail" time="0.0">
    <ignored/>
  </testcase> <!-- loginbyEmail -->
</testsuite> <!-- groupingtests -->
