<?xml version="1.0" encoding="UTF-8"?>
<!-- Generated by org.testng.reporters.JUnitXMLReporter -->
<testsuite ignored="3" hostname="LAPTOP-NCNC6016" failures="0" tests="5" name="groupingtests" time="0.061" errors="0" timestamp="2026-04-28T17:20:21 IST">
  <testcase classname="day44.SignupTests" name="signupbyEmail" time="0.005"/>
  <testcase classname="day44.SignupTests" name="signupByFacebook" time="0.001"/>
  <testcase classname="day44.SignupTests" name="signupBytwitter" time="0.002"/>
  <testcase classname="day44.PaymentByTests" name="paymentinRupees" time="0.001"/>
  <testcase classname="day44.PaymentByTests" name="paymentinDollars" time="0.002"/>
  <testcase classname="day44.LoginTests" name="loginBytwitter" time="0.0">
    <ignored/>
  </testcase> <!-- loginBytwitter -->
  <testcase classname="day44.LoginTests" name="loginByFacebook" time="0.0">
    <ignored/>
  </testcase> <!-- loginByFacebook -->
  <testcase classname="day44.LoginTests" name="loginbyEmail" time="0.0">
    <ignored/>
  </testcase> <!-- loginbyEmail -->
</testsuite> <!-- groupingtests -->
