<?xml version="1.0" encoding="UTF-8"?>
<!-- Generated by org.testng.reporters.JUnitReportReporter -->
<testsuite hostname="LAPTOP-NCNC6016" failures="0" tests="3" name="day42.FirstTestCase" time="0.008" errors="0" timestamp="2026-04-27T22:52:25 IST" skipped="0">
  <testcase classname="day42.FirstTestCase" name="openapp" time="0.004"/>
  <testcase classname="day42.FirstTestCase" name="login" time="0.002"/>
  <testcase classname="day42.FirstTestCase" name="logout" time="0.002"/>
</testsuite> <!-- day42.FirstTestCase -->
