<?xml version="1.0" encoding="UTF-8"?>
<!-- Generated by org.testng.reporters.JUnitReportReporter -->
<testsuite hostname="LAPTOP-NCNC6016" failures="0" tests="3" name="day44.SignupTests" time="0.011" errors="0" timestamp="2026-04-23T22:10:35 IST" skipped="0">
  <testcase classname="day44.SignupTests" name="signupbyEmail" time="0.006"/>
  <testcase classname="day44.SignupTests" name="signupByFacebook" time="0.001"/>
  <testcase classname="day44.SignupTests" name="signupBytwitter" time="0.004"/>
</testsuite> <!-- day44.SignupTests -->
