<?xml version="1.0" encoding="UTF-8"?>
<!-- Generated by org.testng.reporters.JUnitReportReporter -->
<testsuite hostname="LAPTOP-NCNC6016" failures="0" tests="9" name="day45.ParamTest" time="0.495" errors="0" timestamp="2026-04-26T19:45:57 IST" skipped="0">
  <testcase classname="day45.ParamTest" name="testlogo" time="0.067"/>
  <testcase classname="day45.ParamTest" name="testlogo" time="0.117"/>
  <testcase classname="day45.ParamTest" name="testlogo" time="0.095"/>
  <testcase classname="day45.ParamTest" name="testTitle" time="0.014"/>
  <testcase classname="day45.ParamTest" name="testTitle" time="0.079"/>
  <testcase classname="day45.ParamTest" name="testTitle" time="0.034"/>
  <testcase classname="day45.ParamTest" name="testUrl" time="0.039"/>
  <testcase classname="day45.ParamTest" name="testUrl" time="0.025"/>
  <testcase classname="day45.ParamTest" name="testUrl" time="0.025"/>
</testsuite> <!-- day45.ParamTest -->
