<?xml version="1.0" encoding="UTF-8"?>
<!-- Generated by org.testng.reporters.JUnitReportReporter -->
<testsuite hostname="LAPTOP-NCNC6016" failures="0" tests="4" name="day42.OrangeHRMTest" time="115.626" errors="0" timestamp="2026-04-27T22:52:25 IST" skipped="0">
  <testcase classname="day42.OrangeHRMTest" name="openapp" time="89.074"/>
  <testcase classname="day42.OrangeHRMTest" name="testLogo" time="4.088"/>
  <testcase classname="day42.OrangeHRMTest" name="login" time="22.003"/>
  <testcase classname="day42.OrangeHRMTest" name="closeApp" time="0.461"/>
</testsuite> <!-- day42.OrangeHRMTest -->
