<?xml version="1.0" encoding="UTF-8"?>
<!-- Generated by org.testng.reporters.JUnitReportReporter -->
<testsuite hostname="LAPTOP-NCNC6016" failures="0" tests="3" name="day44.LoginTests" time="0.010" errors="0" timestamp="2026-04-28T17:20:11 IST" skipped="0">
  <testcase classname="day44.LoginTests" name="loginbyEmail" time="0.006"/>
  <testcase classname="day44.LoginTests" name="loginByFacebook" time="0.002"/>
  <testcase classname="day44.LoginTests" name="loginBytwitter" time="0.002"/>
</testsuite> <!-- day44.LoginTests -->
