<?xml version="1.0" encoding="UTF-8"?>
<!-- Generated by org.testng.reporters.JUnitReportReporter -->
<testsuite hostname="LAPTOP-NCNC6016" failures="0" tests="3" name="day46.OrangeHRMTest" time="0.203" errors="0" timestamp="2026-04-26T23:53:03 IST" skipped="0">
  <testcase classname="day46.OrangeHRMTest" name="testlogo" time="0.129"/>
  <testcase classname="day46.OrangeHRMTest" name="testTitle" time="0.028"/>
  <testcase classname="day46.OrangeHRMTest" name="testUrl" time="0.046"/>
</testsuite> <!-- day46.OrangeHRMTest -->
