<?xml version="1.0" encoding="UTF-8"?>
<!-- Generated by org.testng.reporters.JUnitReportReporter -->
<testsuite hostname="LAPTOP-NCNC6016" failures="0" tests="3" name="day44.SignupTests" time="0.008" errors="0" timestamp="2026-04-28T17:20:21 IST" skipped="0">
  <testcase classname="day44.SignupTests" name="signupbyEmail" time="0.005"/>
  <testcase classname="day44.SignupTests" name="signupByFacebook" time="0.001"/>
  <testcase classname="day44.SignupTests" name="signupBytwitter" time="0.002"/>
</testsuite> <!-- day44.SignupTests -->
