<?xml version="1.0" encoding="UTF-8"?>
<!-- Generated by org.testng.reporters.JUnitXMLReporter -->
<testsuite ignored="0" hostname="LAPTOP-NCNC6016" failures="0" tests="3" name="FirefoxTest" time="55.479" errors="0" timestamp="2026-04-26T19:45:57 IST">
  <testcase classname="day45.ParamTest" name="testlogo" time="0.067"/>
  <testcase classname="day45.ParamTest" name="testTitle" time="0.014"/>
  <testcase classname="day45.ParamTest" name="testUrl" time="0.025"/>
</testsuite> <!-- FirefoxTest -->
