<?xml version="1.0" encoding="UTF-8"?>
<!-- Generated by org.testng.reporters.JUnitXMLReporter -->
<testsuite ignored="0" hostname="LAPTOP-NCNC6016" failures="0" tests="7" name="Test" time="115.722" errors="0" timestamp="2026-04-27T22:52:24 IST">
  <testcase classname="day42.OrangeHRMTest" name="openapp" time="89.074"/>
  <testcase classname="day42.OrangeHRMTest" name="testLogo" time="4.088"/>
  <testcase classname="day42.OrangeHRMTest" name="login" time="22.003"/>
  <testcase classname="day42.OrangeHRMTest" name="closeApp" time="0.461"/>
  <testcase classname="day42.FirstTestCase" name="openapp" time="0.004"/>
  <testcase classname="day42.FirstTestCase" name="login" time="0.002"/>
  <testcase classname="day42.FirstTestCase" name="logout" time="0.002"/>
</testsuite> <!-- Test -->
