<?xml version="1.0" encoding="UTF-8"?>
<!-- Generated by org.testng.reporters.JUnitXMLReporter -->
<testsuite ignored="0" hostname="LAPTOP-NCNC6016" failures="1" tests="8" name="Test" time="18.554" errors="0" timestamp="2026-04-28T19:38:16 IST">
  <testcase classname="day46.OrangeHRMTest" name="testlogo" time="0.13"/>
  <testcase classname="day46.OrangeHRMTest" name="testTitle" time="0.04"/>
  <testcase classname="day46.OrangeHRMTest" name="testUrl" time="0.026"/>
  <testcase classname="day46.DependencyMethods" name="openapp" time="0.005"/>
  <testcase classname="day46.DependencyMethods" name="login" time="0.004"/>
  <testcase classname="day46.DependencyMethods" name="search" time="0.025">
    <failure type="java.lang.AssertionError" message="expected [true] but found [false]">
      <![CDATA[java.lang.AssertionError: expected [true] but found [false]
at day46.DependencyMethods.search(DependencyMethods.java:21)
at java.base/java.util.ArrayList.forEach(ArrayList.java:1511)
... Removed 31 stack frames]]>
    </failure>
  </testcase> <!-- search -->
  <testcase classname="day46.DependencyMethods" name="advSearch" time="0.0">
    <skipped/>
  </testcase> <!-- advSearch -->
  <testcase classname="day46.DependencyMethods" name="logout" time="0.002"/>
</testsuite> <!-- Test -->
