<?xml version="1.0" encoding="UTF-8"?>
<!-- Generated by org.testng.reporters.JUnitXMLReporter -->
<testsuite ignored="0" hostname="LAPTOP-NCNC6016" failures="0" tests="7" name="mytests" time="17.929" errors="0" timestamp="2026-04-22T20:48:05 IST">
  <testcase classname="day42.OrangeHRMTest" name="openapp" time="12.87"/>
  <testcase classname="day42.OrangeHRMTest" name="testLogo" time="4.083"/>
  <testcase classname="day42.OrangeHRMTest" name="login" time="0.354"/>
  <testcase classname="day42.OrangeHRMTest" name="closeApp" time="0.5"/>
  <testcase classname="day42.FirstTestCase" name="openapp" time="0.005"/>
  <testcase classname="day42.FirstTestCase" name="login" time="0.004"/>
  <testcase classname="day42.FirstTestCase" name="logout" time="0.004"/>
</testsuite> <!-- mytests -->
