<?xml version="1.0" encoding="UTF-8"?>
<!-- Generated by org.testng.reporters.JUnitXMLReporter -->
<testsuite ignored="0" hostname="LAPTOP-NCNC6016" failures="0" tests="4" name="mytest" time="22.34" errors="0" timestamp="2026-04-22T22:42:00 IST">
  <testcase classname="day42.OrangeHRMTest" name="openapp" time="17.265"/>
  <testcase classname="day42.OrangeHRMTest" name="testLogo" time="4.138"/>
  <testcase classname="day42.OrangeHRMTest" name="login" time="0.481"/>
  <testcase classname="day42.OrangeHRMTest" name="closeApp" time="0.382"/>
</testsuite> <!-- mytest -->
